<?xml version="1.0" encoding="UTF-8"?>
<testsuites>
  <testsuite name="My Login application" timestamp="2023-10-07T00:40:09" time="19.881" tests="1" failures="0" errors="0" skipped="0">
    <properties>
      <property name="specId" value="0"/>
      <property name="suiteName" value="My Login application"/>
      <property name="capabilities" value="chrome.117_0_5938_134.windows"/>
      <property name="file" value="file:///C:/Users/mahesh%20shelke/Desktop/WebDriverIOAutomation/ui_uat_i_hookup/test/specs/test.e2e.js"/>
    </properties>
    <testcase classname="chrome.117_0_5938_134.windows.My_Login_application" name="should login with valid credentials" time="19.876">
      <system-out><![CDATA[
COMMAND: POST /session/849ca265b5682216f025cfd8348086e4/url - {"url":"https://the-internet.herokuapp.com/login"}
RESULT: {"url":"https://the-internet.herokuapp.com/login"}
COMMAND: POST /session/849ca265b5682216f025cfd8348086e4/element - {"using":"css selector","value":"#username"}
RESULT: {"using":"css selector","value":"#username"}
COMMAND: POST /session/849ca265b5682216f025cfd8348086e4/element/0D174F5762CC36BFC10C905ED72811AA_element_3/clear - {}
RESULT: {}
COMMAND: POST /session/849ca265b5682216f025cfd8348086e4/element/0D174F5762CC36BFC10C905ED72811AA_element_3/value - {"text":"tomsmith"}
RESULT: {"text":"tomsmith"}
COMMAND: POST /session/849ca265b5682216f025cfd8348086e4/element - {"using":"css selector","value":"#password"}
RESULT: {"using":"css selector","value":"#password"}
COMMAND: POST /session/849ca265b5682216f025cfd8348086e4/element/0D174F5762CC36BFC10C905ED72811AA_element_4/clear - {}
RESULT: {}
COMMAND: POST /session/849ca265b5682216f025cfd8348086e4/element/0D174F5762CC36BFC10C905ED72811AA_element_4/value - {"text":"SuperSecretPassword!"}
RESULT: {"text":"SuperSecretPassword!"}
COMMAND: POST /session/849ca265b5682216f025cfd8348086e4/element - {"using":"css selector","value":"button[type=\"submit\"]"}
RESULT: {"using":"css selector","value":"button[type=\"submit\"]"}
COMMAND: POST /session/849ca265b5682216f025cfd8348086e4/element/0D174F5762CC36BFC10C905ED72811AA_element_10/click - {}
RESULT: {}
COMMAND: POST /session/849ca265b5682216f025cfd8348086e4/element - {"using":"css selector","value":"#flash"}
RESULT: {"using":"css selector","value":"#flash"}
COMMAND: POST /session/849ca265b5682216f025cfd8348086e4/elements - {"using":"css selector","value":"#flash"}
RESULT: {"using":"css selector","value":"#flash"}
COMMAND: POST /session/849ca265b5682216f025cfd8348086e4/element - {"using":"css selector","value":"#flash"}
RESULT: {"using":"css selector","value":"#flash"}
COMMAND: GET /session/849ca265b5682216f025cfd8348086e4/element/2364B6EA267480D04ACCE3FBA691360F_element_13/text - {}
RESULT: {}
COMMAND: DELETE /session/849ca265b5682216f025cfd8348086e4 - {}
RESULT: {}
]]></system-out>
    </testcase>
  </testsuite>
</testsuites>